[debug] [2020-10-25T13:19:30.011Z] ----------------------------------------------------------------------
[debug] [2020-10-25T13:19:30.012Z] Command:       /usr/local/Cellar/node/14.5.0/bin/node /usr/local/bin/firebase emulators:start
[debug] [2020-10-25T13:19:30.012Z] CLI Version:   8.13.1
[debug] [2020-10-25T13:19:30.012Z] Platform:      darwin
[debug] [2020-10-25T13:19:30.013Z] Node Version:  v14.5.0
[debug] [2020-10-25T13:19:30.013Z] Time:          Sun Oct 25 2020 14:19:30 GMT+0100 (Central European Standard Time)
[debug] [2020-10-25T13:19:30.014Z] ----------------------------------------------------------------------
[debug] [2020-10-25T13:19:30.014Z] 
[debug] [2020-10-25T13:19:30.019Z] > command requires scopes: ["email","openid","https://www.googleapis.com/auth/cloudplatformprojects.readonly","https://www.googleapis.com/auth/firebase","https://www.googleapis.com/auth/cloud-platform"]
[debug] [2020-10-25T13:19:30.019Z] > authorizing via signed-in user
[info] i  emulators: Starting emulators: functions, firestore, hosting {"metadata":{"emulator":{"name":"hub"},"message":"Starting emulators: functions, firestore, hosting"}}
[debug] [2020-10-25T13:19:30.033Z] [hub] writing locator at /var/folders/dy/tnpc3brs17gf3r4lzwwqhr0jqv_psh/T/hub-hjemmebaking.json
[warn] ⚠  functions: The following emulators are not running, calls to these services from the Functions emulator will affect production: auth, database, pubsub {"metadata":{"emulator":{"name":"functions"},"message":"The following emulators are not running, calls to these services from the Functions emulator will affect production: \u001b[1mauth, database, pubsub\u001b[22m"}}
[info] i  emulators: Shutting down emulators. {"metadata":{"emulator":{"name":"hub"},"message":"Shutting down emulators."}}
[info] i  functions: Stopping Functions Emulator {"metadata":{"emulator":{"name":"functions"},"message":"Stopping Functions Emulator"}}
[info] i  hub: Stopping emulator hub {"metadata":{"emulator":{"name":"hub"},"message":"Stopping emulator hub"}}
[debug] [2020-10-25T13:19:30.287Z] Error: Cannot find module '/Users/steffensande/private/dev/hjemmebaking/functions/api/package.json'
Require stack:
- /usr/local/lib/node_modules/firebase-tools/lib/emulator/functionsEmulator.js
- /usr/local/lib/node_modules/firebase-tools/lib/emulator/controller.js
- /usr/local/lib/node_modules/firebase-tools/lib/emulator/commandUtils.js
- /usr/local/lib/node_modules/firebase-tools/lib/commands/database-get.js
- /usr/local/lib/node_modules/firebase-tools/lib/commands/index.js
- /usr/local/lib/node_modules/firebase-tools/lib/index.js
- /usr/local/lib/node_modules/firebase-tools/lib/bin/firebase.js
    at Function.Module._resolveFilename (internal/modules/cjs/loader.js:1030:15)
    at Function.Module._load (internal/modules/cjs/loader.js:899:27)
    at Module.require (internal/modules/cjs/loader.js:1090:19)
    at require (internal/modules/cjs/helpers.js:75:18)
    at FunctionsEmulator.askInstallNodeVersion (/usr/local/lib/node_modules/firebase-tools/lib/emulator/functionsEmulator.js:433:21)
    at FunctionsEmulator.<anonymous> (/usr/local/lib/node_modules/firebase-tools/lib/emulator/functionsEmulator.js:167:36)
    at Generator.next (<anonymous>)
    at /usr/local/lib/node_modules/firebase-tools/lib/emulator/functionsEmulator.js:8:71
    at new Promise (<anonymous>)
    at __awaiter (/usr/local/lib/node_modules/firebase-tools/lib/emulator/functionsEmulator.js:4:12)
    at FunctionsEmulator.start (/usr/local/lib/node_modules/firebase-tools/lib/emulator/functionsEmulator.js:166:16)
    at Function.<anonymous> (/usr/local/lib/node_modules/firebase-tools/lib/emulator/registry.js:26:28)
    at Generator.next (<anonymous>)
    at /usr/local/lib/node_modules/firebase-tools/lib/emulator/registry.js:8:71
    at new Promise (<anonymous>)
    at __awaiter (/usr/local/lib/node_modules/firebase-tools/lib/emulator/registry.js:4:12)
[error] 
[error] Error: An unexpected error has occurred.
[debug] [2020-10-25T13:19:57.010Z] ----------------------------------------------------------------------
[debug] [2020-10-25T13:19:57.012Z] Command:       /usr/local/Cellar/node/14.5.0/bin/node /usr/local/bin/firebase emulators:start
[debug] [2020-10-25T13:19:57.012Z] CLI Version:   8.13.1
[debug] [2020-10-25T13:19:57.012Z] Platform:      darwin
[debug] [2020-10-25T13:19:57.012Z] Node Version:  v14.5.0
[debug] [2020-10-25T13:19:57.013Z] Time:          Sun Oct 25 2020 14:19:57 GMT+0100 (Central European Standard Time)
[debug] [2020-10-25T13:19:57.013Z] ----------------------------------------------------------------------
[debug] [2020-10-25T13:19:57.013Z] 
[debug] [2020-10-25T13:19:57.017Z] > command requires scopes: ["email","openid","https://www.googleapis.com/auth/cloudplatformprojects.readonly","https://www.googleapis.com/auth/firebase","https://www.googleapis.com/auth/cloud-platform"]
[debug] [2020-10-25T13:19:57.017Z] > authorizing via signed-in user
[info] i  emulators: Starting emulators: functions, firestore, hosting {"metadata":{"emulator":{"name":"hub"},"message":"Starting emulators: functions, firestore, hosting"}}
[debug] [2020-10-25T13:19:57.035Z] [hub] writing locator at /var/folders/dy/tnpc3brs17gf3r4lzwwqhr0jqv_psh/T/hub-hjemmebaking.json
[warn] ⚠  functions: The following emulators are not running, calls to these services from the Functions emulator will affect production: auth, database, pubsub {"metadata":{"emulator":{"name":"functions"},"message":"The following emulators are not running, calls to these services from the Functions emulator will affect production: \u001b[1mauth, database, pubsub\u001b[22m"}}
[info] i  emulators: Shutting down emulators. {"metadata":{"emulator":{"name":"hub"},"message":"Shutting down emulators."}}
[info] i  functions: Stopping Functions Emulator {"metadata":{"emulator":{"name":"functions"},"message":"Stopping Functions Emulator"}}
[info] i  hub: Stopping emulator hub {"metadata":{"emulator":{"name":"hub"},"message":"Stopping emulator hub"}}
[debug] [2020-10-25T13:19:57.456Z] Error: Cannot find module '/Users/steffensande/private/dev/hjemmebaking/functions/api/package.json'
Require stack:
- /usr/local/lib/node_modules/firebase-tools/lib/emulator/functionsEmulator.js
- /usr/local/lib/node_modules/firebase-tools/lib/emulator/controller.js
- /usr/local/lib/node_modules/firebase-tools/lib/emulator/commandUtils.js
- /usr/local/lib/node_modules/firebase-tools/lib/commands/database-get.js
- /usr/local/lib/node_modules/firebase-tools/lib/commands/index.js
- /usr/local/lib/node_modules/firebase-tools/lib/index.js
- /usr/local/lib/node_modules/firebase-tools/lib/bin/firebase.js
    at Function.Module._resolveFilename (internal/modules/cjs/loader.js:1030:15)
    at Function.Module._load (internal/modules/cjs/loader.js:899:27)
    at Module.require (internal/modules/cjs/loader.js:1090:19)
    at require (internal/modules/cjs/helpers.js:75:18)
    at FunctionsEmulator.askInstallNodeVersion (/usr/local/lib/node_modules/firebase-tools/lib/emulator/functionsEmulator.js:433:21)
    at FunctionsEmulator.<anonymous> (/usr/local/lib/node_modules/firebase-tools/lib/emulator/functionsEmulator.js:167:36)
    at Generator.next (<anonymous>)
    at /usr/local/lib/node_modules/firebase-tools/lib/emulator/functionsEmulator.js:8:71
    at new Promise (<anonymous>)
    at __awaiter (/usr/local/lib/node_modules/firebase-tools/lib/emulator/functionsEmulator.js:4:12)
    at FunctionsEmulator.start (/usr/local/lib/node_modules/firebase-tools/lib/emulator/functionsEmulator.js:166:16)
    at Function.<anonymous> (/usr/local/lib/node_modules/firebase-tools/lib/emulator/registry.js:26:28)
    at Generator.next (<anonymous>)
    at /usr/local/lib/node_modules/firebase-tools/lib/emulator/registry.js:8:71
    at new Promise (<anonymous>)
    at __awaiter (/usr/local/lib/node_modules/firebase-tools/lib/emulator/registry.js:4:12)
[error] 
[error] Error: An unexpected error has occurred.
